<?xml version="1.0" encoding="UTF-8"?>
<!-- Generated by org.testng.reporters.JUnitReportReporter -->
<testsuite hostname="A019LGDL" name="MyTest6.API.ValidateAPI" tests="1" failures="0" timestamp="25 Aug 2018 16:50:27 GMT" time="2.845" errors="0">
  <testcase name="testStatusCode" time="2.845" classname="MyTest6.API.ValidateAPI"/>
</testsuite> <!-- MyTest6.API.ValidateAPI -->
