<?xml version="1.0" encoding="UTF-8"?>
<!-- Generated by org.testng.reporters.JUnitReportReporter -->
<testsuite hostname="A019LGDL" name="MyTest6.API.GetStatusCodeTest" tests="1" failures="0" timestamp="25 Aug 2018 02:38:26 GMT" time="2.105" errors="0">
  <testcase name="testStatusCode" time="2.105" classname="MyTest6.API.GetStatusCodeTest"/>
</testsuite> <!-- MyTest6.API.GetStatusCodeTest -->
