<?xml version="1.0" encoding="UTF-8"?>
<!-- Generated by org.testng.reporters.JUnitReportReporter -->
<testsuite skipped="0" hostname="A033LGDL" name="com.googlerestapi.com.rest.GetStatusCodeTest" tests="1" failures="0" timestamp="09 Aug 2018 19:33:08 GMT" time="3.097" errors="0">
  <testcase name="testStatusCode" time="3.097" classname="com.googlerestapi.com.rest.GetStatusCodeTest"/>
</testsuite> <!-- com.googlerestapi.com.rest.GetStatusCodeTest -->
