<?xml version="1.0" encoding="UTF-8"?>
<!-- Generated by org.testng.reporters.JUnitReportReporter -->
<testsuite skipped="0" hostname="A033LGDL" name="com.googlerestapi.com.rest.OrgChart" tests="1" failures="0" timestamp="20 Aug 2018 17:39:01 GMT" time="88.080" errors="0">
  <testcase name="testStatusCode" time="88.080" classname="com.googlerestapi.com.rest.OrgChart"/>
</testsuite> <!-- com.googlerestapi.com.rest.OrgChart -->
