<?xml version="1.0" encoding="UTF-8"?>
<!-- Generated by org.testng.reporters.JUnitReportReporter -->
<testsuite skipped="0" hostname="A019LGDL" name="tests.Test1" tests="1" failures="0" timestamp="24 Aug 2018 22:58:09 GMT" time="0.573" errors="0">
  <testcase name="MyTest" time="0.573" classname="tests.Test1"/>
</testsuite> <!-- tests.Test1 -->
